19:18:07|INFO |{"message":"Log file created."}
19:18:07|WARN |{"event":"sejt.warn","message":"this is a warning for you"}
19:18:07|ERROR|{"name":"Error","message":"this is an error","frames":[["example","packages/util/src/log/Log.example.ts:25:24"],["Object.<anonymous>","packages/util/src/log/Log.example.ts:30:1"],["Module._compile","node:internal/modules/cjs/loader:1218:14"],["Module.m._compile","node_modules/ts-node/src/index.ts:1618:23"],["Module._extensions..js","node:internal/modules/cjs/loader:1272:10"],["Object.require.extensions.<computed> [as .ts]","node_modules/ts-node/src/index.ts:1621:12"],["Module.load","node:internal/modules/cjs/loader:1081:32"],["Function.Module._load","node:internal/modules/cjs/loader:922:12"],["Function.executeUserEntryPoint [as runMain]","node:internal/modules/run_main:81:12"],["phase4","node_modules/ts-node/src/bin.ts:649:14"]]}
19:18:07|WARN |{"event":"sejt.warn","message":"this is another warning for you"}
19:18:07|INFO |{"event":"sejt.info","message":"here is info","info":{"a":1,"b":{"c":2}}}
19:18:13|INFO |{"message":"Log file created."}
19:18:13|WARN |{"event":"sejt.warn","message":"this is a warning for you"}
19:18:13|ERROR|{"name":"Error","message":"this is an error","frames":[["example","packages/util/src/log/Log.example.ts:25:24"],["Object.<anonymous>","packages/util/src/log/Log.example.ts:30:1"],["Module._compile","node:internal/modules/cjs/loader:1218:14"],["Module.m._compile","node_modules/ts-node/src/index.ts:1618:23"],["Module._extensions..js","node:internal/modules/cjs/loader:1272:10"],["Object.require.extensions.<computed> [as .ts]","node_modules/ts-node/src/index.ts:1621:12"],["Module.load","node:internal/modules/cjs/loader:1081:32"],["Function.Module._load","node:internal/modules/cjs/loader:922:12"],["Function.executeUserEntryPoint [as runMain]","node:internal/modules/run_main:81:12"],["phase4","node_modules/ts-node/src/bin.ts:649:14"]]}
19:18:13|WARN |{"event":"sejt.warn","message":"this is another warning for you"}
19:18:13|INFO |{"event":"sejt.info","message":"here is info","info":{"a":1,"b":{"c":2}}}
19:18:53|INFO |{"message":"Log file created."}
19:18:53|WARN |{"event":"sejt.warn","message":"this is a warning for you"}
19:18:53|ERROR|{"name":"Error","message":"this is an error","frames":[["example","packages/util/src/log/Log.example.ts:25:24"],["Object.<anonymous>","packages/util/src/log/Log.example.ts:30:1"],["Module._compile","node:internal/modules/cjs/loader:1218:14"],["Module.m._compile","node_modules/ts-node/src/index.ts:1618:23"],["Module._extensions..js","node:internal/modules/cjs/loader:1272:10"],["Object.require.extensions.<computed> [as .ts]","node_modules/ts-node/src/index.ts:1621:12"],["Module.load","node:internal/modules/cjs/loader:1081:32"],["Function.Module._load","node:internal/modules/cjs/loader:922:12"],["Function.executeUserEntryPoint [as runMain]","node:internal/modules/run_main:81:12"],["phase4","node_modules/ts-node/src/bin.ts:649:14"]]}
19:18:53|WARN |{"event":"sejt.warn","message":"this is another warning for you"}
19:18:53|INFO |{"event":"sejt.info","message":"here is info","info":{"a":1,"b":{"c":2}}}
19:19:39|INFO |{"message":"Log file created."}
19:19:39|WARN |{"event":"sejt.warn","message":"this is a warning for you"}
19:19:39|ERROR|{"name":"Error","message":"this is an error","frames":[["example","packages/util/src/log/Log.example.ts:25:24"],["Object.<anonymous>","packages/util/src/log/Log.example.ts:30:1"],["Module._compile","node:internal/modules/cjs/loader:1218:14"],["Module.m._compile","node_modules/ts-node/src/index.ts:1618:23"],["Module._extensions..js","node:internal/modules/cjs/loader:1272:10"],["Object.require.extensions.<computed> [as .ts]","node_modules/ts-node/src/index.ts:1621:12"],["Module.load","node:internal/modules/cjs/loader:1081:32"],["Function.Module._load","node:internal/modules/cjs/loader:922:12"],["Function.executeUserEntryPoint [as runMain]","node:internal/modules/run_main:81:12"],["phase4","node_modules/ts-node/src/bin.ts:649:14"]]}
19:19:39|WARN |{"event":"sejt.warn","message":"this is another warning for you"}
19:19:39|INFO |{"event":"sejt.info","message":"here is info","info":{"a":1,"b":{"c":2}}}
19:38:10|INFO |{"message":"Log file created."}
19:38:10|WARN |{"event":"sejt.warn","message":"this is a warning for you"}
19:38:10|ERROR|{"name":"Error","message":"this is an error","frames":[["example","packages/util/src/log/Log.example.ts:25:24"],["Object.<anonymous>","packages/util/src/log/Log.example.ts:30:1"],["Module._compile","node:internal/modules/cjs/loader:1218:14"],["Module.m._compile","node_modules/ts-node/src/index.ts:1618:23"],["Module._extensions..js","node:internal/modules/cjs/loader:1272:10"],["Object.require.extensions.<computed> [as .ts]","node_modules/ts-node/src/index.ts:1621:12"],["Module.load","node:internal/modules/cjs/loader:1081:32"],["Function.Module._load","node:internal/modules/cjs/loader:922:12"],["Function.executeUserEntryPoint [as runMain]","node:internal/modules/run_main:81:12"],["phase4","node_modules/ts-node/src/bin.ts:649:14"]]}
19:38:10|WARN |{"event":"sejt.warn","message":"this is another warning for you"}
19:38:10|INFO |{"event":"sejt.info","message":"here is info","info":{"a":1,"b":{"c":2}}}
