00:15:01|INFO |{"message":"Log file created."}
00:15:01|DEBUG|["\u0003","This is a debug message"]
00:15:01|INFO |{"message":"Log file created."}
00:15:01|INFO |["\u0003","This is an info message"]
00:15:01|WARN |["\u0003","This is a warning message"]
00:15:01|ERROR|["\u0003","This is an error message"]
00:15:33|INFO |{"message":"Log file created."}
00:15:33|DEBUG|["\u0003","This is a debug message"]
00:15:33|INFO |{"message":"Log file created."}
00:15:33|INFO |["\u0003","This is an info message"]
00:15:33|WARN |["\u0003","This is a warning message"]
00:15:33|ERROR|["\u0003","This is an error message"]
00:27:51|INFO |{"message":"Log file created."}
00:27:51|DEBUG|["\u0003","This is a debug message"]
00:27:51|INFO |{"message":"Log file created."}
00:27:51|INFO |["\u0003","This is an info message"]
00:27:51|WARN |["\u0003","This is a warning message"]
00:27:51|ERROR|["\u0003","This is an error message"]
18:20:03|INFO |{"message":"Log file created."}
18:20:03|DEBUG|["\u0003","This is a debug message"]
18:20:03|INFO |{"message":"Log file created."}
18:20:03|INFO |["\u0003","This is an info message"]
18:20:03|WARN |["\u0003","This is a warning message"]
18:20:03|ERROR|["\u0003","This is an error message"]
18:22:06|INFO |{"message":"Log file created."}
18:22:06|DEBUG|["\u0003","This is a debug message"]
18:22:06|INFO |{"message":"Log file created."}
18:22:06|INFO |["\u0003","This is an info message"]
18:22:06|WARN |["\u0003","This is a warning message"]
18:22:06|ERROR|["\u0003","This is an error message"]
20:20:57|INFO |{"message":"Log file created."}
20:20:57|DEBUG|["\u0003","This is a debug message"]
20:20:57|INFO |{"message":"Log file created."}
20:20:57|INFO |["\u0003","This is an info message"]
20:20:57|WARN |["\u0003","This is a warning message"]
20:20:57|ERROR|["\u0003","This is an error message"]
20:23:07|INFO |{"message":"Log file created."}
20:23:07|DEBUG|["\u0003","This is a debug message"]
20:23:07|INFO |{"message":"Log file created."}
20:23:07|INFO |["\u0003","This is an info message"]
20:23:07|WARN |["\u0003","This is a warning message"]
20:23:07|ERROR|["\u0003","This is an error message"]
