00:26:34|INFO |{"message":"Log file created."}
00:26:34|DEBUG|["\u0003","This is a debug message"]
00:26:34|INFO |{"message":"Log file created."}
00:26:34|INFO |["\u0003","This is an info message"]
00:26:34|WARN |["\u0003","This is a warning message"]
00:26:34|ERROR|["\u0003","This is an error message"]
00:28:39|INFO |{"message":"Log file created."}
00:28:39|DEBUG|["\u0003","This is a debug message"]
00:28:39|INFO |{"message":"Log file created."}
00:28:39|INFO |["\u0003","This is an info message"]
00:28:39|WARN |["\u0003","This is a warning message"]
00:28:39|ERROR|["\u0003","This is an error message"]
20:35:57|INFO |{"message":"Log file created."}
20:35:57|DEBUG|["\u0003","This is a debug message"]
20:35:57|INFO |{"message":"Log file created."}
20:35:57|INFO |["\u0003","This is an info message"]
20:35:57|WARN |["\u0003","This is a warning message"]
20:35:57|ERROR|["\u0003","This is an error message"]
21:12:51|INFO |{"message":"Log file created."}
21:12:51|DEBUG|["\u0003","This is a debug message"]
21:12:51|INFO |{"message":"Log file created."}
21:12:51|INFO |["\u0003","This is an info message"]
21:12:51|WARN |["\u0003","This is a warning message"]
21:12:51|ERROR|["\u0003","This is an error message"]
21:14:17|INFO |{"message":"Log file created."}
21:14:17|DEBUG|["\u0003","This is a debug message"]
21:14:17|INFO |{"message":"Log file created."}
21:14:17|INFO |["\u0003","This is an info message"]
21:14:17|WARN |["\u0003","This is a warning message"]
21:14:17|ERROR|["\u0003","This is an error message"]
